0 info it worked if it ends with ok
1 verbose cli [ '/Users/Jcompsta/.nvm/versions/node/v6.6.0/bin/node',
1 verbose cli   '/Users/Jcompsta/.nvm/versions/node/v6.6.0/bin/npm',
1 verbose cli   'run',
1 verbose cli   'server' ]
2 info using npm@3.10.3
3 info using node@v6.6.0
4 verbose run-script [ 'preserver', 'server', 'postserver' ]
5 info lifecycle enigma-server@0.0.1~preserver: enigma-server@0.0.1
6 silly lifecycle enigma-server@0.0.1~preserver: no script for preserver, continuing
7 info lifecycle enigma-server@0.0.1~server: enigma-server@0.0.1
8 verbose lifecycle enigma-server@0.0.1~server: unsafe-perm in lifecycle true
9 verbose lifecycle enigma-server@0.0.1~server: PATH: /Users/Jcompsta/.nvm/versions/node/v6.6.0/lib/node_modules/npm/bin/node-gyp-bin:/Users/Jcompsta/temp/redux/twilio_test/node_modules/.bin:/Users/Jcompsta/.nvm/versions/node/v6.6.0/bin:/Library/Frameworks/Python.framework/Versions/3.6/bin:/Library/Frameworks/Python.framework/Versions/3.5/bin:/Users/Jcompsta/.nvm/versions/node/v6.6.0/bin:/usr/local/bin:/usr/bin:/bin:/usr/sbin:/sbin:/Users/Jcompsta/.nvm/versions/node/v6.6.0/bin:/usr/local/Cellar/mysql/5.6.27/bin
10 verbose lifecycle enigma-server@0.0.1~server: CWD: /Users/Jcompsta/temp/redux/twilio_test
11 silly lifecycle enigma-server@0.0.1~server: Args: [ '-c', 'node server/app.js' ]
12 silly lifecycle enigma-server@0.0.1~server: Returned: code: 1  signal: null
13 info lifecycle enigma-server@0.0.1~server: Failed to exec server script
14 verbose stack Error: enigma-server@0.0.1 server: `node server/app.js`
14 verbose stack Exit status 1
14 verbose stack     at EventEmitter.<anonymous> (/Users/Jcompsta/.nvm/versions/node/v6.6.0/lib/node_modules/npm/lib/utils/lifecycle.js:242:16)
14 verbose stack     at emitTwo (events.js:106:13)
14 verbose stack     at EventEmitter.emit (events.js:191:7)
14 verbose stack     at ChildProcess.<anonymous> (/Users/Jcompsta/.nvm/versions/node/v6.6.0/lib/node_modules/npm/lib/utils/spawn.js:40:14)
14 verbose stack     at emitTwo (events.js:106:13)
14 verbose stack     at ChildProcess.emit (events.js:191:7)
14 verbose stack     at maybeClose (internal/child_process.js:877:16)
14 verbose stack     at Process.ChildProcess._handle.onexit (internal/child_process.js:226:5)
15 verbose pkgid enigma-server@0.0.1
16 verbose cwd /Users/Jcompsta/temp/redux/twilio_test
17 error Darwin 16.5.0
18 error argv "/Users/Jcompsta/.nvm/versions/node/v6.6.0/bin/node" "/Users/Jcompsta/.nvm/versions/node/v6.6.0/bin/npm" "run" "server"
19 error node v6.6.0
20 error npm  v3.10.3
21 error code ELIFECYCLE
22 error enigma-server@0.0.1 server: `node server/app.js`
22 error Exit status 1
23 error Failed at the enigma-server@0.0.1 server script 'node server/app.js'.
23 error Make sure you have the latest version of node.js and npm installed.
23 error If you do, this is most likely a problem with the enigma-server package,
23 error not with npm itself.
23 error Tell the author that this fails on your system:
23 error     node server/app.js
23 error You can get information on how to open an issue for this project with:
23 error     npm bugs enigma-server
23 error Or if that isn't available, you can get their info via:
23 error     npm owner ls enigma-server
23 error There is likely additional logging output above.
24 verbose exit [ 1, true ]
